[25-Aug-2024 11:56:47 UTC] PHP Fatal error:  Uncaught TypeError: Cannot access offset of type string on string in /home/bakura/Local Sites/demo-homepage/app/public/wp-content/themes/twentytwentyfour/front-page.php:7
Stack trace:
#0 /home/bakura/Local Sites/demo-homepage/app/public/wp-includes/template-loader.php(106): include()
#1 /home/bakura/Local Sites/demo-homepage/app/public/wp-blog-header.php(19): require_once('/home/bakura/Lo...')
#2 /home/bakura/Local Sites/demo-homepage/app/public/index.php(17): require('/home/bakura/Lo...')
#3 {main}
  thrown in /home/bakura/Local Sites/demo-homepage/app/public/wp-content/themes/twentytwentyfour/front-page.php on line 7
[25-Aug-2024 11:56:54 UTC] PHP Fatal error:  Uncaught TypeError: Cannot access offset of type string on string in /home/bakura/Local Sites/demo-homepage/app/public/wp-content/themes/twentytwentyfour/front-page.php:7
Stack trace:
#0 /home/bakura/Local Sites/demo-homepage/app/public/wp-includes/template-loader.php(106): include()
#1 /home/bakura/Local Sites/demo-homepage/app/public/wp-blog-header.php(19): require_once('/home/bakura/Lo...')
#2 /home/bakura/Local Sites/demo-homepage/app/public/index.php(17): require('/home/bakura/Lo...')
#3 {main}
  thrown in /home/bakura/Local Sites/demo-homepage/app/public/wp-content/themes/twentytwentyfour/front-page.php on line 7
[25-Aug-2024 12:00:11 UTC] PHP Fatal error:  Uncaught TypeError: Cannot access offset of type string on string in /home/bakura/Local Sites/demo-homepage/app/public/wp-content/themes/twentytwentyfour/front-page.php:7
Stack trace:
#0 /home/bakura/Local Sites/demo-homepage/app/public/wp-includes/template-loader.php(106): include()
#1 /home/bakura/Local Sites/demo-homepage/app/public/wp-blog-header.php(19): require_once('/home/bakura/Lo...')
#2 /home/bakura/Local Sites/demo-homepage/app/public/index.php(17): require('/home/bakura/Lo...')
#3 {main}
  thrown in /home/bakura/Local Sites/demo-homepage/app/public/wp-content/themes/twentytwentyfour/front-page.php on line 7
[25-Aug-2024 12:00:11 UTC] PHP Fatal error:  Uncaught TypeError: Cannot access offset of type string on string in /home/bakura/Local Sites/demo-homepage/app/public/wp-content/themes/twentytwentyfour/front-page.php:7
Stack trace:
#0 /home/bakura/Local Sites/demo-homepage/app/public/wp-includes/template-loader.php(106): include()
#1 /home/bakura/Local Sites/demo-homepage/app/public/wp-blog-header.php(19): require_once('/home/bakura/Lo...')
#2 /home/bakura/Local Sites/demo-homepage/app/public/index.php(17): require('/home/bakura/Lo...')
#3 {main}
  thrown in /home/bakura/Local Sites/demo-homepage/app/public/wp-content/themes/twentytwentyfour/front-page.php on line 7
[25-Aug-2024 13:26:35 UTC] PHP Warning:  Undefined variable $banner_button_text in /home/bakura/Local Sites/demo-homepage/app/public/wp-content/themes/twentytwentyfour/front-page.php on line 26
